2025-04-11 21:14:14,469 - WARNING - Coluna 'NIF' não encontrada. Usando valor padrão.
2025-04-11 21:14:14,470 - WARNING - Coluna 'Nº Empregado' não encontrada. Usando valor padrão.
2025-04-11 21:14:14,471 - WARNING - Coluna 'NIPC Empresa' não encontrada. Usando valor padrão.
2025-04-11 21:14:14,471 - WARNING - Coluna 'Empresa' não encontrada. Usando valor padrão.
2025-04-11 21:14:14,471 - WARNING - Coluna 'Nome' não encontrada. Usando valor padrão.
2025-04-11 21:14:14,472 - WARNING - Coluna 'Nacionalidade' não encontrada. Usando valor padrão.
2025-04-11 21:14:14,472 - WARNING - Coluna 'email' não encontrada. Usando valor padrão.
2025-04-11 21:14:14,473 - WARNING - Coluna 'Domuntação Digital' não encontrada. Usando valor padrão.
2025-04-11 21:14:14,473 - WARNING - Coluna 'Real Reforma Jovem' não encontrada. Usando valor padrão.
2025-04-11 21:14:14,473 - WARNING - Coluna 'Real Reforma Garantida' não encontrada. Usando valor padrão.
2025-04-11 21:14:14,573 - INFO - Dados importados com sucesso!
2025-04-11 21:14:55,478 - WARNING - Coluna 'Empresa' não encontrada. Usando valor padrão.
2025-04-11 21:14:55,479 - WARNING - Coluna 'Nome' não encontrada. Usando valor padrão.
2025-04-11 21:14:55,481 - WARNING - Coluna 'Nº Empregado' não encontrada. Usando valor padrão.
2025-04-11 21:14:55,482 - WARNING - Coluna 'Nº de Contribuinte' não encontrada. Usando valor padrão.
2025-04-11 21:14:55,482 - WARNING - Coluna 'E_mail' não encontrada. Usando valor padrão.
2025-04-11 21:14:55,482 - WARNING - Coluna 'BPI Segurança' não encontrada. Usando valor padrão.
2025-04-11 21:14:55,483 - WARNING - Coluna 'BPI Acções' não encontrada. Usando valor padrão.
2025-04-11 21:14:55,483 - WARNING - Coluna 'Total' não encontrada. Usando valor padrão.
2025-04-11 21:14:55,483 - WARNING - Coluna 'BPI Segurança' não encontrada. Usando valor padrão.
2025-04-11 21:14:55,483 - WARNING - Coluna 'BPI Acções' não encontrada. Usando valor padrão.
2025-04-11 21:14:55,484 - WARNING - Coluna 'total' não encontrada. Usando valor padrão.
2025-04-11 21:14:55,615 - INFO - Dados importados com sucesso!
